  Building Custom Rule C:/Users/ngodwin/Desktop/class_labs/Src/cuViolaJones/opencv/sources/modules/imgcodecs/CMakeLists.txt
  CMake does not need to re-run because C:/Users/ngodwin/Desktop/class_labs/Src/cuViolaJones/opencv/build/modules/imgcodecs/CMakeFiles/generate.stamp is up-to-date.
  opencv_imgcodecs_pch.cpp
  loadsave.cpp
  utils.cpp
  grfmt_base.cpp
  grfmt_bmp.cpp
  grfmt_exr.cpp
  grfmt_gdal.cpp
  grfmt_gdcm.cpp
  grfmt_hdr.cpp
  grfmt_jpeg.cpp
  grfmt_jpeg2000.cpp
  grfmt_pam.cpp
  grfmt_png.cpp
  grfmt_pxm.cpp
  grfmt_sunras.cpp
  grfmt_tiff.cpp
  grfmt_webp.cpp
  bitstrm.cpp
  rgbe.cpp
  exif.cpp
     Creating library C:/Users/ngodwin/Desktop/class_labs/Src/cuViolaJones/opencv/build/lib/Debug/opencv_imgcodecs341d.lib and object C:/Users/ngodwin/Desktop/class_labs/Src/cuViolaJones/opencv/build/lib/Debug/opencv_imgcodecs341d.exp
  opencv_imgcodecs.vcxproj -> C:\Users\ngodwin\Desktop\class_labs\Src\cuViolaJones\opencv\build\bin\Debug\opencv_imgcodecs341d.dll
  opencv_imgcodecs.vcxproj -> C:/Users/ngodwin/Desktop/class_labs/Src/cuViolaJones/opencv/build/bin/Debug/opencv_imgcodecs341d.pdb (Full PDB)
