  Building Custom Rule C:/Users/erho/Desktop/ECE 285 GPU Processing/class_labs/Src/cuViolaJones/opencv/sources/modules/imgproc/CMakeLists.txt
  CMake does not need to re-run because C:/Users/erho/Desktop/ECE 285 GPU Processing/class_labs/Src/cuViolaJones/opencv/build/modules/imgproc/CMakeFiles/generate.stamp is up-to-date.
  Processing OpenCL kernels (imgproc)
  -- C:/Users/erho/Desktop/ECE 285 GPU Processing/class_labs/Src/cuViolaJones/opencv/build/modules/imgproc/opencl_kernels_imgproc.hpp contains the same content
  opencv_imgproc_pch.cpp
  accum.cpp
  accum.dispatch.cpp
  approx.cpp
  blend.cpp
  canny.cpp
  clahe.cpp
  color.cpp
  colormap.cpp
  connectedcomponents.cpp
  contours.cpp
  convhull.cpp
  corner.cpp
  cornersubpix.cpp
  demosaicing.cpp
  deriv.cpp
  distransform.cpp
  drawing.cpp
  emd.cpp
  featureselect.cpp
  filter.cpp
  floodfill.cpp
  gabor.cpp
  generalized_hough.cpp
  geometry.cpp
  grabcut.cpp
  hershey_fonts.cpp
  histogram.cpp
  hough.cpp
  imgwarp.cpp
  intersection.cpp
  linefit.cpp
  lsd.cpp
  main.cpp
  matchcontours.cpp
  min_enclosing_triangle.cpp
  moments.cpp
  morph.cpp
  phasecorr.cpp
  pyramids.cpp
  resize.cpp
  rotcalipers.cpp
  samplers.cpp
  segmentation.cpp
  shapedescr.cpp
  smooth.cpp
  spatialgradient.cpp
  subdivision2d.cpp
  sumpixels.cpp
  tables.cpp
  templmatch.cpp
  thresh.cpp
  undistort.cpp
  utils.cpp
  opencl_kernels_imgproc.cpp
     Creating library C:/Users/erho/Desktop/ECE 285 GPU Processing/class_labs/Src/cuViolaJones/opencv/build/lib/Release/opencv_imgproc341.lib and object C:/Users/erho/Desktop/ECE 285 GPU Processing/class_labs/Src/cuViolaJones/opencv/build/lib/Release/opencv_imgproc341.exp
  opencv_imgproc.vcxproj -> C:\Users\erho\Desktop\ECE 285 GPU Processing\class_labs\Src\cuViolaJones\opencv\build\bin\Release\opencv_imgproc341.dll
  opencv_imgproc.vcxproj -> C:/Users/erho/Desktop/ECE 285 GPU Processing/class_labs/Src/cuViolaJones/opencv/build/bin/Release/opencv_imgproc341.pdb (Full PDB)
